2024-12-09 19:46:09 [background-preinit] INFO  o.h.validator.internal.util.Version - HV000001: Hibernate Validator 8.0.1.Final
2024-12-09 19:46:09 [restartedMain] INFO  com.jwt.JwtApplication - Starting JwtApplication using Java 21.0.2 with PID 65450 (/home/erhan/IdeaProjects/jwt/target/classes started by erhan in /home/erhan/IdeaProjects/jwt)
2024-12-09 19:46:09 [restartedMain] INFO  com.jwt.JwtApplication - No active profile set, falling back to 1 default profile: "default"
2024-12-09 19:46:09 [restartedMain] INFO  o.s.b.d.e.DevToolsPropertyDefaultsPostProcessor - Devtools property defaults active! Set 'spring.devtools.add-properties' to 'false' to disable
2024-12-09 19:46:09 [restartedMain] INFO  o.s.b.d.e.DevToolsPropertyDefaultsPostProcessor - For additional web related logging consider setting the 'logging.level.web' property to 'DEBUG'
2024-12-09 19:46:10 [restartedMain] INFO  o.s.d.r.c.RepositoryConfigurationDelegate - Bootstrapping Spring Data JPA repositories in DEFAULT mode.
2024-12-09 19:46:11 [restartedMain] INFO  o.s.d.r.c.RepositoryConfigurationDelegate - Finished Spring Data repository scanning in 76 ms. Found 3 JPA repository interfaces.
2024-12-09 19:46:11 [restartedMain] INFO  o.s.b.w.e.tomcat.TomcatWebServer - Tomcat initialized with port 9090 (http)
2024-12-09 19:46:11 [restartedMain] INFO  o.a.coyote.http11.Http11NioProtocol - Initializing ProtocolHandler ["http-nio-9090"]
2024-12-09 19:46:11 [restartedMain] INFO  o.a.catalina.core.StandardService - Starting service [Tomcat]
2024-12-09 19:46:11 [restartedMain] INFO  o.a.catalina.core.StandardEngine - Starting Servlet engine: [Apache Tomcat/10.1.31]
2024-12-09 19:46:11 [restartedMain] INFO  o.a.c.c.C.[Tomcat].[localhost].[/] - Initializing Spring embedded WebApplicationContext
2024-12-09 19:46:11 [restartedMain] INFO  o.s.b.w.s.c.ServletWebServerApplicationContext - Root WebApplicationContext: initialization completed in 1971 ms
2024-12-09 19:46:12 [restartedMain] INFO  o.h.jpa.internal.util.LogHelper - HHH000204: Processing PersistenceUnitInfo [name: default]
2024-12-09 19:46:12 [restartedMain] INFO  org.hibernate.Version - HHH000412: Hibernate ORM core version 6.4.10.Final
2024-12-09 19:46:12 [restartedMain] INFO  o.h.c.i.RegionFactoryInitiator - HHH000026: Second-level cache disabled
2024-12-09 19:46:12 [restartedMain] INFO  o.s.o.j.p.SpringPersistenceUnitInfo - No LoadTimeWeaver setup: ignoring JPA class transformer
2024-12-09 19:46:12 [restartedMain] INFO  com.zaxxer.hikari.HikariDataSource - HikariPool-1 - Starting...
2024-12-09 19:46:13 [restartedMain] INFO  com.zaxxer.hikari.pool.HikariPool - HikariPool-1 - Added connection org.postgresql.jdbc.PgConnection@2f782af1
2024-12-09 19:46:13 [restartedMain] INFO  com.zaxxer.hikari.HikariDataSource - HikariPool-1 - Start completed.
2024-12-09 19:46:13 [restartedMain] WARN  org.hibernate.orm.deprecation - HHH90000025: PostgreSQLDialect does not need to be specified explicitly using 'hibernate.dialect' (remove the property setting and it will be selected by default)
2024-12-09 19:46:14 [restartedMain] INFO  o.h.e.t.j.p.i.JtaPlatformInitiator - HHH000489: No JTA platform available (set 'hibernate.transaction.jta.platform' to enable JTA platform integration)
2024-12-09 19:46:14 [restartedMain] INFO  o.s.o.j.LocalContainerEntityManagerFactoryBean - Initialized JPA EntityManagerFactory for persistence unit 'default'
2024-12-09 19:46:14 [restartedMain] INFO  o.s.d.j.r.query.QueryEnhancerFactory - Hibernate is in classpath; If applicable, HQL parser will be used.
2024-12-09 19:46:15 [restartedMain] WARN  o.s.b.a.o.j.JpaBaseConfiguration$JpaWebConfiguration - spring.jpa.open-in-view is enabled by default. Therefore, database queries may be performed during view rendering. Explicitly configure spring.jpa.open-in-view to disable this warning
2024-12-09 19:46:15 [restartedMain] DEBUG o.s.w.s.m.m.a.RequestMappingHandlerMapping - 17 mappings in 'requestMappingHandlerMapping'
2024-12-09 19:46:15 [restartedMain] DEBUG o.s.w.s.h.SimpleUrlHandlerMapping - Patterns [/webjars/**, /**] in 'resourceHandlerMapping'
2024-12-09 19:46:15 [restartedMain] INFO  o.s.s.web.DefaultSecurityFilterChain - Will secure any request with [org.springframework.security.web.session.DisableEncodeUrlFilter@6b6d72b1, org.springframework.security.web.context.request.async.WebAsyncManagerIntegrationFilter@3f64a45c, org.springframework.security.web.context.SecurityContextHolderFilter@3ee867d0, org.springframework.security.web.header.HeaderWriterFilter@585098aa, org.springframework.security.web.authentication.logout.LogoutFilter@6eff253f, com.jwt.Filter.JwtAuthenticationFilter@4ac0c244, org.springframework.security.web.savedrequest.RequestCacheAwareFilter@7b7885f2, org.springframework.security.web.servletapi.SecurityContextHolderAwareRequestFilter@5aa22314, org.springframework.security.web.authentication.AnonymousAuthenticationFilter@73408537, org.springframework.security.web.session.SessionManagementFilter@11c9740e, org.springframework.security.web.access.ExceptionTranslationFilter@7d9ec7de, org.springframework.security.web.access.intercept.AuthorizationFilter@19e9a696]
2024-12-09 19:46:15 [restartedMain] DEBUG o.s.w.s.m.m.a.RequestMappingHandlerAdapter - ControllerAdvice beans: 0 @ModelAttribute, 0 @InitBinder, 1 RequestBodyAdvice, 1 ResponseBodyAdvice
2024-12-09 19:46:15 [restartedMain] DEBUG o.s.w.s.m.m.a.ExceptionHandlerExceptionResolver - ControllerAdvice beans: 0 @ExceptionHandler, 1 ResponseBodyAdvice
2024-12-09 19:46:15 [restartedMain] INFO  o.s.b.d.a.OptionalLiveReloadServer - LiveReload server is running on port 35729
2024-12-09 19:46:15 [restartedMain] INFO  o.a.coyote.http11.Http11NioProtocol - Starting ProtocolHandler ["http-nio-9090"]
2024-12-09 19:46:15 [restartedMain] INFO  o.s.b.w.e.tomcat.TomcatWebServer - Tomcat started on port 9090 (http) with context path ''
2024-12-09 19:46:16 [restartedMain] INFO  com.jwt.JwtApplication - Started JwtApplication in 6.879 seconds (process running for 8.394)
2024-12-09 19:46:23 [SpringApplicationShutdownHook] INFO  o.s.o.j.LocalContainerEntityManagerFactoryBean - Closing JPA EntityManagerFactory for persistence unit 'default'
2024-12-09 19:46:23 [SpringApplicationShutdownHook] INFO  com.zaxxer.hikari.HikariDataSource - HikariPool-1 - Shutdown initiated...
2024-12-09 19:46:23 [SpringApplicationShutdownHook] INFO  com.zaxxer.hikari.HikariDataSource - HikariPool-1 - Shutdown completed.
